#
# A fatal error has been detected by the Java Runtime Environment:
#
#  EXCEPTION_ACCESS_VIOLATION (0xc0000005) at pc=0x000000006934ad28, pid=936, tid=15416
#
# JRE version: Java(TM) SE Runtime Environment (8.0_05-b13) (build 1.8.0_05-b13)
# Java VM: Java HotSpot(TM) 64-Bit Server VM (25.5-b02 mixed mode windows-amd64 compressed oops)
# Problematic frame:
# C  [sqlite-3.7.2-sqlitejdbc.dll+0xad28]
#
# Failed to write core dump. Minidumps are not enabled by default on client versions of Windows
#
# If you would like to submit a bug report, please visit:
#   http://bugreport.sun.com/bugreport/crash.jsp
# The crash happened outside the Java Virtual Machine in native code.
# See problematic frame for where to report the bug.
#

---------------  T H R E A D  ---------------

Current thread (0x000000001c089800):  JavaThread "LWJGL Application" [_thread_in_native, id=15416, stack(0x000000001da40000,0x000000001db40000)]

siginfo: ExceptionCode=0xc0000005, reading address 0x000000000000004c

Registers:
RAX=0x0000000000000000, RBX=0x0000000019a550c8, RCX=0x0000000000000000, RDX=0x000000001db3ecb0
RSP=0x000000001db3ebd0, RBP=0x000000001db3ec90, RSI=0x0000000050200030, RDI=0x0000000002866f70
R8 =0x00000000000000a2, R9 =0x0000000780ab4aa0, R10=0x000000000000001e, R11=0x0000000067179230
R12=0x0000000000000000, R13=0x0000000019a550c8, R14=0x000000001db3ecb0, R15=0x000000001c089800
RIP=0x000000006934ad28, EFLAGS=0x0000000000010202

Top of Stack: (sp=0x000000001db3ebd0)
0x000000001db3ebd0:   0000000050200030 000000006934225a
0x000000001db3ebe0:   000000001db3f368 000000001c089800
0x000000001db3ebf0:   65726f6373207374 00000000028761c5
0x000000001db3ec00:   0000000002866f70 0000000002875c99
0x000000001db3ec10:   000000001c089800 0000000019a550c8
0x000000001db3ec20:   0000000000000000 000000001db3ec40
0x000000001db3ec30:   000000001db3eca0 00000000028759fb
0x000000001db3ec40:   0000000000000003 0000000780ab4aa0
0x000000001db3ec50:   000000001db3ec40 0000000019a550c8
0x000000001db3ec60:   000000001db3ecb0 0000000019a5b808
0x000000001db3ec70:   0000000000000000 0000000019a550c8
0x000000001db3ec80:   0000000000000000 000000001db3ecb0
0x000000001db3ec90:   000000001db3ecf8 0000000002866f70
0x000000001db3eca0:   0000000000000000 000000000286f016
0x000000001db3ecb0:   0000000780ab4aa0 000000001db3ecb8
0x000000001db3ecc0:   0000000019a626c4 000000001db3ed30 

Instructions: (pc=0x000000006934ad28)
0x000000006934ad08:   74 ef 85 d2 0f 94 c0 0f b6 c0 48 83 c4 08 c3 48
0x000000006934ad18:   83 ec 08 48 8b 41 40 48 83 c4 08 c3 48 83 ec 08
0x000000006934ad28:   8b 41 4c 48 83 c4 08 c3 48 83 ec 08 8b 41 50 48
0x000000006934ad38:   83 c4 08 c3 53 48 83 ec 20 48 89 cb 48 8b 91 08 


Register to memory mapping:

RAX=0x0000000000000000 is an unknown value
RBX=0x0000000019a550c8 is an unknown value
RCX=0x0000000000000000 is an unknown value
RDX=0x000000001db3ecb0 is pointing into the stack for thread: 0x000000001c089800
RSP=0x000000001db3ebd0 is pointing into the stack for thread: 0x000000001c089800
RBP=0x000000001db3ec90 is pointing into the stack for thread: 0x000000001c089800
RSI=0x0000000050200030 is an unknown value
RDI=0x0000000002866f70 is at code_begin+624 in an Interpreter codelet
invoke return entry points  [0x0000000002866d00, 0x0000000002867460]  1888 bytes
R8 =0x00000000000000a2 is an unknown value
R9 =0x0000000780ab4aa0 is an oop
org.sqlite.NativeDB 
 - klass: 'org/sqlite/NativeDB'
R10=0x000000000000001e is an unknown value
R11=0x0000000067179230 is an unknown value
R12=0x0000000000000000 is an unknown value
R13=0x0000000019a550c8 is an unknown value
R14=0x000000001db3ecb0 is pointing into the stack for thread: 0x000000001c089800
R15=0x000000001c089800 is a thread


Stack: [0x000000001da40000,0x000000001db40000],  sp=0x000000001db3ebd0,  free space=1018k
Native frames: (J=compiled Java code, j=interpreted, Vv=VM code, C=native code)
C  [sqlite-3.7.2-sqlitejdbc.dll+0xad28]

Java frames: (J=compiled Java code, j=interpreted, Vv=VM code)
j  org.sqlite.NativeDB.changes()I+0
j  org.sqlite.Stmt.executeUpdate(Ljava/lang/String;)I+60
j  com.badlogic.gdx.sqlite.desktop.SQLiteDatabaseHelper.onCreate(Ljava/sql/Statement;)V+12
j  com.badlogic.gdx.sqlite.desktop.DesktopDatabaseManager$DesktopDatabase.openOrCreateDatabase()V+81
j  com.kwing.game.database.DatabaseConnection.connect()V+35
j  com.kwing.game.entities.score.ScoreBoard.creatingScoreBoard()V+0
j  com.kwing.game.entities.score.ScoreBoard.<init>()V+16
j  com.kwing.game.states.ScoreState.update(F)V+50
j  com.kwing.game.handlers.GameStateManager.update(F)V+15
j  com.kwing.game.main.Game.render()V+35
j  com.badlogic.gdx.backends.lwjgl.LwjglApplication.mainLoop()V+684
j  com.badlogic.gdx.backends.lwjgl.LwjglApplication$1.run()V+27
v  ~StubRoutines::call_stub

---------------  P R O C E S S  ---------------

Java Threads: ( => current thread )
  0x000000001d202000 JavaThread "TimerQueue" daemon [_thread_blocked, id=22284, stack(0x00000000289d0000,0x0000000028ad0000)]
  0x000000001d207000 JavaThread "D3D Screen Updater" daemon [_thread_blocked, id=22172, stack(0x00000000287c0000,0x00000000288c0000)]
  0x000000002450a800 JavaThread "Image Fetcher 0" daemon [_thread_blocked, id=22524, stack(0x0000000027cf0000,0x0000000027df0000)]
  0x000000001d217000 JavaThread "AWT-EventQueue-0" [_thread_blocked, id=15576, stack(0x00000000279f0000,0x0000000027af0000)]
  0x000000001d3b0800 JavaThread "AWT-Windows" daemon [_thread_in_native, id=11304, stack(0x00000000278f0000,0x00000000279f0000)]
  0x000000001d3af800 JavaThread "AWT-Shutdown" [_thread_blocked, id=20844, stack(0x00000000277f0000,0x00000000278f0000)]
  0x000000001d3af000 JavaThread "Java2D Disposer" daemon [_thread_blocked, id=15996, stack(0x00000000276f0000,0x00000000277f0000)]
  0x000000001d22e000 JavaThread "LWJGL Timer" daemon [_thread_blocked, id=21756, stack(0x0000000023ec0000,0x0000000023fc0000)]
  0x0000000002762800 JavaThread "DestroyJavaVM" [_thread_blocked, id=21480, stack(0x0000000002630000,0x0000000002730000)]
=>0x000000001c089800 JavaThread "LWJGL Application" [_thread_in_native, id=15416, stack(0x000000001da40000,0x000000001db40000)]
  0x000000001be33000 JavaThread "Service Thread" daemon [_thread_blocked, id=22504, stack(0x000000001c770000,0x000000001c870000)]
  0x000000001bdac000 JavaThread "C1 CompilerThread3" daemon [_thread_blocked, id=3696, stack(0x000000001c670000,0x000000001c770000)]
  0x000000001bd9e800 JavaThread "C2 CompilerThread2" daemon [_thread_blocked, id=15540, stack(0x000000001c570000,0x000000001c670000)]
  0x000000001bd99000 JavaThread "C2 CompilerThread1" daemon [_thread_blocked, id=13012, stack(0x000000001c470000,0x000000001c570000)]
  0x000000001bd97000 JavaThread "C2 CompilerThread0" daemon [_thread_blocked, id=20756, stack(0x000000001c370000,0x000000001c470000)]
  0x000000001bd95000 JavaThread "Attach Listener" daemon [_thread_blocked, id=16352, stack(0x000000001c270000,0x000000001c370000)]
  0x000000001bd94800 JavaThread "Signal Dispatcher" daemon [_thread_blocked, id=21580, stack(0x000000001c170000,0x000000001c270000)]
  0x0000000002858000 JavaThread "Finalizer" daemon [_thread_blocked, id=20748, stack(0x000000001bc70000,0x000000001bd70000)]
  0x0000000019dac000 JavaThread "Reference Handler" daemon [_thread_blocked, id=21244, stack(0x000000001bb70000,0x000000001bc70000)]

Other Threads:
  0x0000000019da7000 VMThread [stack: 0x000000001ba70000,0x000000001bb70000] [id=21856]
  0x000000001be35000 WatcherThread [stack: 0x000000001c870000,0x000000001c970000] [id=18744]

VM state:not at safepoint (normal execution)

VM Mutex/Monitor currently owned by a thread: None

Heap:
 PSYoungGen      total 9728K, used 8978K [0x0000000780400000, 0x0000000781100000, 0x00000007c0000000)
  eden space 7680K, 90% used [0x0000000780400000,0x0000000780ac7020,0x0000000780b80000)
  from space 2048K, 99% used [0x0000000780e00000,0x0000000780ffd920,0x0000000781000000)
  to   space 2560K, 0% used [0x0000000780b80000,0x0000000780b80000,0x0000000780e00000)
 ParOldGen       total 195072K, used 1804K [0x0000000700c00000, 0x000000070ca80000, 0x0000000780400000)
  object space 195072K, 0% used [0x0000000700c00000,0x0000000700dc3178,0x000000070ca80000)
 Metaspace       used 14164K, capacity 14291K, committed 14592K, reserved 1062912K
  class space    used 1642K, capacity 1665K, committed 1792K, reserved 1048576K

Card table byte_map: [0x0000000011c20000,0x0000000012220000] byte_map_base: 0x000000000e41a000

Marking Bits: (ParMarkBitMap*) 0x00000000671813b0
 Begin Bits: [0x0000000012e20000, 0x0000000015df0000)
 End Bits:   [0x0000000015df0000, 0x0000000018dc0000)

Polling page: 0x0000000000cc0000

CodeCache: size=245760Kb used=4147Kb max_used=4147Kb free=241612Kb
 bounds [0x0000000002860000, 0x0000000002c70000, 0x0000000011860000]
 total_blobs=1786 nmethods=1140 adapters=560
 compilation: enabled

Compilation events (10 events):
Event: 2.334 Thread 0x000000001bdac000 1136       3       java.util.WeakHashMap::eq (19 bytes)
Event: 2.334 Thread 0x000000001bdac000 nmethod 1136 0x0000000002c6d350 code [0x0000000002c6d4c0, 0x0000000002c6d748]
Event: 2.334 Thread 0x000000001bdac000 1137       3       java.awt.Component::getInputContext (16 bytes)
Event: 2.334 Thread 0x000000001bdac000 nmethod 1137 0x0000000002c6d810 code [0x0000000002c6d980, 0x0000000002c6dbe8]
Event: 2.344 Thread 0x000000001bdac000 1138       3       java.nio.Buffer::nextPutIndex (38 bytes)
Event: 2.344 Thread 0x000000001bdac000 nmethod 1138 0x0000000002c6dc90 code [0x0000000002c6de00, 0x0000000002c6e028]
Event: 2.345 Thread 0x000000001bdac000 1139       3       java.io.FileInputStream::read (8 bytes)
Event: 2.345 Thread 0x000000001bdac000 nmethod 1139 0x0000000002c6e110 code [0x0000000002c6e280, 0x0000000002c6e408]
Event: 2.346 Thread 0x000000001bdac000 1140       1       sun.util.locale.StringTokenIterator::isDone (5 bytes)
Event: 2.346 Thread 0x000000001bdac000 nmethod 1140 0x0000000002c6e4d0 code [0x0000000002c6e620, 0x0000000002c6e730]

GC Heap History (10 events):
Event: 0.258 GC heap before
{Heap before GC invocations=4 (full 0):
 PSYoungGen      total 1536K, used 1520K [0x0000000780400000, 0x0000000780700000, 0x00000007c0000000)
  eden space 1024K, 100% used [0x0000000780400000,0x0000000780500000,0x0000000780500000)
  from space 512K, 96% used [0x0000000780500000,0x000000078057c010,0x0000000780580000)
  to   space 512K, 0% used [0x0000000780680000,0x0000000780680000,0x0000000780700000)
 ParOldGen       total 195072K, used 462K [0x0000000700c00000, 0x000000070ca80000, 0x0000000780400000)
  object space 195072K, 0% used [0x0000000700c00000,0x0000000700c739f0,0x000000070ca80000)
 Metaspace       used 3787K, capacity 4832K, committed 5120K, reserved 1056768K
  class space    used 419K, capacity 464K, committed 512K, reserved 1048576K
Event: 0.259 GC heap after
Heap after GC invocations=4 (full 0):
 PSYoungGen      total 2560K, used 480K [0x0000000780400000, 0x0000000780700000, 0x00000007c0000000)
  eden space 2048K, 0% used [0x0000000780400000,0x0000000780400000,0x0000000780600000)
  from space 512K, 93% used [0x0000000780680000,0x00000007806f8020,0x0000000780700000)
  to   space 512K, 0% used [0x0000000780600000,0x0000000780600000,0x0000000780680000)
 ParOldGen       total 195072K, used 582K [0x0000000700c00000, 0x000000070ca80000, 0x0000000780400000)
  object space 195072K, 0% used [0x0000000700c00000,0x0000000700c919f0,0x000000070ca80000)
 Metaspace       used 3787K, capacity 4832K, committed 5120K, reserved 1056768K
  class space    used 419K, capacity 464K, committed 512K, reserved 1048576K
}
Event: 0.319 GC heap before
{Heap before GC invocations=5 (full 0):
 PSYoungGen      total 2560K, used 2528K [0x0000000780400000, 0x0000000780700000, 0x00000007c0000000)
  eden space 2048K, 100% used [0x0000000780400000,0x0000000780600000,0x0000000780600000)
  from space 512K, 93% used [0x0000000780680000,0x00000007806f8020,0x0000000780700000)
  to   space 512K, 0% used [0x0000000780600000,0x0000000780600000,0x0000000780680000)
 ParOldGen       total 195072K, used 582K [0x0000000700c00000, 0x000000070ca80000, 0x0000000780400000)
  object space 195072K, 0% used [0x0000000700c00000,0x0000000700c919f0,0x000000070ca80000)
 Metaspace       used 4383K, capacity 5248K, committed 5376K, reserved 1056768K
  class space    used 478K, capacity 496K, committed 512K, reserved 1048576K
Event: 0.320 GC heap after
Heap after GC invocations=5 (full 0):
 PSYoungGen      total 2560K, used 496K [0x0000000780400000, 0x0000000780b00000, 0x00000007c0000000)
  eden space 2048K, 0% used [0x0000000780400000,0x0000000780400000,0x0000000780600000)
  from space 512K, 96% used [0x0000000780600000,0x000000078067c010,0x0000000780680000)
  to   space 1536K, 0% used [0x0000000780980000,0x0000000780980000,0x0000000780b00000)
 ParOldGen       total 195072K, used 1067K [0x0000000700c00000, 0x000000070ca80000, 0x0000000780400000)
  object space 195072K, 0% used [0x0000000700c00000,0x0000000700d0ac88,0x000000070ca80000)
 Metaspace       used 4383K, capacity 5248K, committed 5376K, reserved 1056768K
  class space    used 478K, capacity 496K, committed 512K, reserved 1048576K
}
Event: 0.500 GC heap before
{Heap before GC invocations=6 (full 0):
 PSYoungGen      total 2560K, used 2530K [0x0000000780400000, 0x0000000780b00000, 0x00000007c0000000)
  eden space 2048K, 99% used [0x0000000780400000,0x00000007805fca70,0x0000000780600000)
  from space 512K, 96% used [0x0000000780600000,0x000000078067c010,0x0000000780680000)
  to   space 1536K, 0% used [0x0000000780980000,0x0000000780980000,0x0000000780b00000)
 ParOldGen       total 195072K, used 1067K [0x0000000700c00000, 0x000000070ca80000, 0x0000000780400000)
  object space 195072K, 0% used [0x0000000700c00000,0x0000000700d0ac88,0x000000070ca80000)
 Metaspace       used 5479K, capacity 6083K, committed 6272K, reserved 1056768K
  class space    used 546K, capacity 592K, committed 640K, reserved 1048576K
Event: 0.503 GC heap after
Heap after GC invocations=6 (full 0):
 PSYoungGen      total 5632K, used 1012K [0x0000000780400000, 0x0000000780b00000, 0x00000007c0000000)
  eden space 4096K, 0% used [0x0000000780400000,0x0000000780400000,0x0000000780800000)
  from space 1536K, 65% used [0x0000000780980000,0x0000000780a7d200,0x0000000780b00000)
  to   space 1536K, 0% used [0x0000000780800000,0x0000000780800000,0x0000000780980000)
 ParOldGen       total 195072K, used 1075K [0x0000000700c00000, 0x000000070ca80000, 0x0000000780400000)
  object space 195072K, 0% used [0x0000000700c00000,0x0000000700d0cc88,0x000000070ca80000)
 Metaspace       used 5479K, capacity 6083K, committed 6272K, reserved 1056768K
  class space    used 546K, capacity 592K, committed 640K, reserved 1048576K
}
Event: 0.680 GC heap before
{Heap before GC invocations=7 (full 0):
 PSYoungGen      total 5632K, used 5108K [0x0000000780400000, 0x0000000780b00000, 0x00000007c0000000)
  eden space 4096K, 100% used [0x0000000780400000,0x0000000780800000,0x0000000780800000)
  from space 1536K, 65% used [0x0000000780980000,0x0000000780a7d200,0x0000000780b00000)
  to   space 1536K, 0% used [0x0000000780800000,0x0000000780800000,0x0000000780980000)
 ParOldGen       total 195072K, used 1075K [0x0000000700c00000, 0x000000070ca80000, 0x0000000780400000)
  object space 195072K, 0% used [0x0000000700c00000,0x0000000700d0cc88,0x000000070ca80000)
 Metaspace       used 6382K, capacity 6851K, committed 7168K, reserved 1056768K
  class space    used 615K, capacity 656K, committed 768K, reserved 1048576K
Event: 0.682 GC heap after
Heap after GC invocations=7 (full 0):
 PSYoungGen      total 5632K, used 1514K [0x0000000780400000, 0x0000000781000000, 0x00000007c0000000)
  eden space 4096K, 0% used [0x0000000780400000,0x0000000780400000,0x0000000780800000)
  from space 1536K, 98% used [0x0000000780800000,0x000000078097a990,0x0000000780980000)
  to   space 2048K, 0% used [0x0000000780e00000,0x0000000780e00000,0x0000000781000000)
 ParOldGen       total 195072K, used 1530K [0x0000000700c00000, 0x000000070ca80000, 0x0000000780400000)
  object space 195072K, 0% used [0x0000000700c00000,0x0000000700d7eb58,0x000000070ca80000)
 Metaspace       used 6382K, capacity 6851K, committed 7168K, reserved 1056768K
  class space    used 615K, capacity 656K, committed 768K, reserved 1048576K
}
Event: 0.786 GC heap before
{Heap before GC invocations=8 (full 0):
 PSYoungGen      total 5632K, used 5610K [0x0000000780400000, 0x0000000781000000, 0x00000007c0000000)
  eden space 4096K, 100% used [0x0000000780400000,0x0000000780800000,0x0000000780800000)
  from space 1536K, 98% used [0x0000000780800000,0x000000078097a990,0x0000000780980000)
  to   space 2048K, 0% used [0x0000000780e00000,0x0000000780e00000,0x0000000781000000)
 ParOldGen       total 195072K, used 1530K [0x0000000700c00000, 0x000000070ca80000, 0x0000000780400000)
  object space 195072K, 0% used [0x0000000700c00000,0x0000000700d7eb58,0x000000070ca80000)
 Metaspace       used 6549K, capacity 6979K, committed 7168K, reserved 1056768K
  class space    used 632K, capacity 656K, committed 768K, reserved 1048576K
Event: 0.788 GC heap after
Heap after GC invocations=8 (full 0):
 PSYoungGen      total 9728K, used 2038K [0x0000000780400000, 0x0000000781100000, 0x00000007c0000000)
  eden space 7680K, 0% used [0x0000000780400000,0x0000000780400000,0x0000000780b80000)
  from space 2048K, 99% used [0x0000000780e00000,0x0000000780ffd920,0x0000000781000000)
  to   space 2560K, 0% used [0x0000000780b80000,0x0000000780b80000,0x0000000780e00000)
 ParOldGen       total 195072K, used 1804K [0x0000000700c00000, 0x000000070ca80000, 0x0000000780400000)
  object space 195072K, 0% used [0x0000000700c00000,0x0000000700dc3178,0x000000070ca80000)
 Metaspace       used 6549K, capacity 6979K, committed 7168K, reserved 1056768K
  class space    used 632K, capacity 656K, committed 768K, reserved 1048576K
}

Deoptimization events (10 events):
Event: 1.050 Thread 0x000000001c089800 Uncommon trap: reason=class_check action=maybe_recompile pc=0x0000000002aee050 method=com.jcraft.jorbis.Mapping0.inverse(Lcom/jcraft/jorbis/Block;Ljava/lang/Object;)I @ 466
Event: 1.052 Thread 0x000000001c089800 Uncommon trap: reason=class_check action=maybe_recompile pc=0x0000000002aee050 method=com.jcraft.jorbis.Mapping0.inverse(Lcom/jcraft/jorbis/Block;Ljava/lang/Object;)I @ 466
Event: 1.435 Thread 0x000000001c089800 Uncommon trap: reason=unreached action=reinterpret pc=0x0000000002b27164 method=com.badlogic.gdx.graphics.g2d.freetype.FreeTypeFontGenerator$FreeTypeBitmapFontData.getGlyph(C)Lcom/badlogic/gdx/graphics/g2d/BitmapFont$Glyph; @ 7
Event: 1.554 Thread 0x000000001c089800 Uncommon trap: reason=unreached action=reinterpret pc=0x0000000002b8c184 method=java.lang.AbstractStringBuilder.append(Ljava/lang/String;)Ljava/lang/AbstractStringBuilder; @ 1
Event: 1.590 Thread 0x000000001c089800 Uncommon trap: reason=unloaded action=reinterpret pc=0x0000000002bb0d24 method=org.sqlite.SQLiteJDBCLoader.md5sum(Ljava/io/InputStream;)Ljava/lang/String; @ 35
Event: 1.591 Thread 0x000000001c089800 Uncommon trap: reason=unreached action=reinterpret pc=0x0000000002bb3e74 method=sun.security.provider.DigestBase.engineUpdate(B)V @ 4
Event: 1.789 Thread 0x000000001d217000 Uncommon trap: reason=unreached action=reinterpret pc=0x0000000002a2002c method=java.lang.AbstractStringBuilder.append(Ljava/lang/String;)Ljava/lang/AbstractStringBuilder; @ 1
Event: 2.330 Thread 0x000000001d217000 Uncommon trap: reason=class_check action=maybe_recompile pc=0x0000000002a40cf8 method=java.lang.String.equals(Ljava/lang/Object;)Z @ 8
Event: 2.330 Thread 0x000000001d217000 Uncommon trap: reason=class_check action=maybe_recompile pc=0x0000000002a40cf8 method=java.lang.String.equals(Ljava/lang/Object;)Z @ 8
Event: 2.330 Thread 0x000000001d217000 Uncommon trap: reason=class_check action=maybe_recompile pc=0x0000000002a40cf8 method=java.lang.String.equals(Ljava/lang/Object;)Z @ 8

Internal exceptions (10 events):
Event: 1.684 Thread 0x000000001d217000 Exception <a 'java/security/PrivilegedActionException'> (0x0000000780923310) thrown at [D:\re\workspace\8-2-build-windows-amd64-cygwin\jdk8u5\2488\hotspot\src\share\vm\prims\jvm.cpp, line 1248]
Event: 1.685 Thread 0x000000001d217000 Exception <a 'java/security/PrivilegedActionException'> (0x000000078092a8b0) thrown at [D:\re\workspace\8-2-build-windows-amd64-cygwin\jdk8u5\2488\hotspot\src\share\vm\prims\jvm.cpp, line 1248]
Event: 1.685 Thread 0x000000001d217000 Exception <a 'java/security/PrivilegedActionException'> (0x000000078092e4c0) thrown at [D:\re\workspace\8-2-build-windows-amd64-cygwin\jdk8u5\2488\hotspot\src\share\vm\prims\jvm.cpp, line 1248]
Event: 1.685 Thread 0x000000001d217000 Exception <a 'java/security/PrivilegedActionException'> (0x00000007809329c0) thrown at [D:\re\workspace\8-2-build-windows-amd64-cygwin\jdk8u5\2488\hotspot\src\share\vm\prims\jvm.cpp, line 1248]
Event: 1.685 Thread 0x000000001d217000 Exception <a 'java/security/PrivilegedActionException'> (0x0000000780936760) thrown at [D:\re\workspace\8-2-build-windows-amd64-cygwin\jdk8u5\2488\hotspot\src\share\vm\prims\jvm.cpp, line 1248]
Event: 1.708 Thread 0x000000001d217000 Exception <a 'java/security/PrivilegedActionException'> (0x000000078097d1a8) thrown at [D:\re\workspace\8-2-build-windows-amd64-cygwin\jdk8u5\2488\hotspot\src\share\vm\prims\jvm.cpp, line 1248]
Event: 1.789 Thread 0x000000001d217000 Implicit null exception at 0x0000000002a1fcd6 to 0x0000000002a20015
Event: 1.834 Thread 0x000000001d217000 Exception <a 'java/security/PrivilegedActionException'> (0x0000000780a48f90) thrown at [D:\re\workspace\8-2-build-windows-amd64-cygwin\jdk8u5\2488\hotspot\src\share\vm\prims\jvm.cpp, line 1248]
Event: 2.334 Thread 0x000000001d217000 Exception <a 'java/security/PrivilegedActionException'> (0x0000000780a9e938) thrown at [D:\re\workspace\8-2-build-windows-amd64-cygwin\jdk8u5\2488\hotspot\src\share\vm\prims\jvm.cpp, line 1248]
Event: 2.344 Thread 0x000000001c089800 Exception <a 'java/security/PrivilegedActionException'> (0x00000007808b9988) thrown at [D:\re\workspace\8-2-build-windows-amd64-cygwin\jdk8u5\2488\hotspot\src\share\vm\prims\jvm.cpp, line 1248]

Events (10 events):
Event: 2.333 loading class java/awt/Window$1DisposeAction
Event: 2.333 loading class java/awt/Window$1DisposeAction done
Event: 2.334 loading class javax/swing/Autoscroller
Event: 2.334 loading class javax/swing/Autoscroller done
Event: 2.334 loading class java/awt/LightweightDispatcher$2
Event: 2.334 loading class java/awt/LightweightDispatcher$2 done
Event: 2.334 loading class com/kwing/game/database/DatabaseInsert
Event: 2.334 loading class com/kwing/game/database/DatabaseInsert done
Event: 2.344 loading class com/kwing/game/entities/score/ScoreBoard
Event: 2.344 loading class com/kwing/game/entities/score/ScoreBoard done


Dynamic libraries:
0x00007ff64c5c0000 - 0x00007ff64c5f4000 	C:\Program Files\Java\jre8\bin\javaw.exe
0x00007ffe000b0000 - 0x00007ffe0025c000 	C:\Windows\SYSTEM32\ntdll.dll
0x00007ffdff170000 - 0x00007ffdff2ae000 	C:\Windows\system32\KERNEL32.DLL
0x00007ffdfd440000 - 0x00007ffdfd555000 	C:\Windows\system32\KERNELBASE.dll
0x00007ffdfbd40000 - 0x00007ffdfbdce000 	C:\Windows\system32\apphelp.dll
0x00007ffdebcf0000 - 0x00007ffdebd43000 	C:\Windows\AppPatch\AppPatch64\AcGenral.DLL
0x00007ffdfee60000 - 0x00007ffdfef0a000 	C:\Windows\system32\msvcrt.dll
0x00007ffdfcff0000 - 0x00007ffdfd01e000 	C:\Windows\SYSTEM32\SspiCli.dll
0x00007ffdfee00000 - 0x00007ffdfee54000 	C:\Windows\system32\SHLWAPI.dll
0x00007ffdff6f0000 - 0x00007ffdff867000 	C:\Windows\system32\USER32.dll
0x00007ffdff2d0000 - 0x00007ffdff464000 	C:\Windows\system32\ole32.dll
0x00007ffdfd8e0000 - 0x00007ffdfedf9000 	C:\Windows\system32\SHELL32.dll
0x00007ffdfc7c0000 - 0x00007ffdfc7e1000 	C:\Windows\SYSTEM32\USERENV.dll
0x00007ffdfefd0000 - 0x00007ffdff07a000 	C:\Windows\system32\ADVAPI32.dll
0x00007ffdf3870000 - 0x00007ffdf388e000 	C:\Windows\SYSTEM32\MPR.dll
0x00007ffdfd780000 - 0x00007ffdfd8c1000 	C:\Windows\system32\RPCRT4.dll
0x00007ffdffb10000 - 0x00007ffdffb69000 	C:\Windows\SYSTEM32\sechost.dll
0x00007ffdffcd0000 - 0x00007ffdffee1000 	C:\Windows\SYSTEM32\combase.dll
0x00007ffdffb70000 - 0x00007ffdffcc0000 	C:\Windows\system32\GDI32.dll
0x00007ffdfd210000 - 0x00007ffdfd225000 	C:\Windows\SYSTEM32\profapi.dll
0x00007ffdfbc80000 - 0x00007ffdfbd32000 	C:\Windows\SYSTEM32\SHCORE.dll
0x00007ffdfd740000 - 0x00007ffdfd776000 	C:\Windows\system32\IMM32.DLL
0x00007ffdfff50000 - 0x00007ffe000a2000 	C:\Windows\system32\MSCTF.dll
0x00007ffdfd1c0000 - 0x00007ffdfd1f1000 	C:\Windows\system32\nvinitx.dll
0x00007ffdfd1b0000 - 0x00007ffdfd1ba000 	C:\Windows\SYSTEM32\VERSION.dll
0x00007ffdfaf30000 - 0x00007ffdfb1aa000 	C:\Windows\WinSxS\amd64_microsoft.windows.common-controls_6595b64144ccf1df_6.0.9600.17810_none_6240b9c7ecbd0bda\COMCTL32.dll
0x0000000067200000 - 0x00000000672d2000 	C:\Program Files\Java\jre8\bin\msvcr100.dll
0x00000000669d0000 - 0x00000000671fa000 	C:\Program Files\Java\jre8\bin\server\jvm.dll
0x00007ffdf2400000 - 0x00007ffdf2409000 	C:\Windows\SYSTEM32\WSOCK32.dll
0x00007ffdfae60000 - 0x00007ffdfae82000 	C:\Windows\SYSTEM32\WINMM.dll
0x00007ffdff2c0000 - 0x00007ffdff2c7000 	C:\Windows\system32\PSAPI.DLL
0x00007ffdffef0000 - 0x00007ffdfff4a000 	C:\Windows\system32\WS2_32.dll
0x00007ffdfae20000 - 0x00007ffdfae4a000 	C:\Windows\SYSTEM32\WINMMBASE.dll
0x00007ffdffcc0000 - 0x00007ffdffcc9000 	C:\Windows\system32\NSI.dll
0x00007ffdfd3f0000 - 0x00007ffdfd43f000 	C:\Windows\SYSTEM32\cfgmgr32.dll
0x00007ffdfbfb0000 - 0x00007ffdfbfd8000 	C:\Windows\SYSTEM32\DEVOBJ.dll
0x00000000669c0000 - 0x00000000669cf000 	C:\Program Files\Java\jre8\bin\verify.dll
0x0000000066990000 - 0x00000000669b8000 	C:\Program Files\Java\jre8\bin\java.dll
0x0000000066970000 - 0x0000000066986000 	C:\Program Files\Java\jre8\bin\zip.dll
0x0000000065580000 - 0x0000000065616000 	C:\Users\Kordian\AppData\Local\Temp\libgdxKordian\a9c9dcdf\gdx64.dll
0x00007ffdfca90000 - 0x00007ffdfcab0000 	C:\Windows\SYSTEM32\CRYPTSP.dll
0x00007ffdfc6b0000 - 0x00007ffdfc6e6000 	C:\Windows\system32\rsaenh.dll
0x00007ffdfcce0000 - 0x00007ffdfcd06000 	C:\Windows\SYSTEM32\bcrypt.dll
0x00007ffdfd020000 - 0x00007ffdfd083000 	C:\Windows\system32\bcryptprimitives.dll
0x00007ffdfd090000 - 0x00007ffdfd09b000 	C:\Windows\SYSTEM32\CRYPTBASE.dll
0x0000000066950000 - 0x000000006696a000 	C:\Program Files\Java\jre8\bin\net.dll
0x00007ffdfca30000 - 0x00007ffdfca89000 	C:\Windows\system32\mswsock.dll
0x00007ffdf6ff0000 - 0x00007ffdf701a000 	C:\Windows\SYSTEM32\IPHLPAPI.DLL
0x00007ffdf70d0000 - 0x00007ffdf70da000 	C:\Windows\SYSTEM32\WINNSI.DLL
0x00007ffdf6a00000 - 0x00007ffdf6a16000 	C:\Windows\SYSTEM32\dhcpcsvc6.DLL
0x00007ffdf6a90000 - 0x00007ffdf6aaa000 	C:\Windows\SYSTEM32\dhcpcsvc.DLL
0x0000000066930000 - 0x0000000066941000 	C:\Program Files\Java\jre8\bin\nio.dll
0x0000000180000000 - 0x0000000180053000 	C:\Users\Kordian\AppData\Local\Temp\libgdxKordian\dc0f0009\lwjgl64.dll
0x00007ffdde820000 - 0x00007ffdde94b000 	C:\Windows\SYSTEM32\OPENGL32.dll
0x00007ffde9070000 - 0x00007ffde909e000 	C:\Windows\SYSTEM32\GLU32.dll
0x00007ffdddd60000 - 0x00007ffddde58000 	C:\Windows\SYSTEM32\DDRAW.dll
0x00007ffdebc80000 - 0x00007ffdebc89000 	C:\Windows\SYSTEM32\DCIMAN32.dll
0x000000001cc50000 - 0x000000001ccb4000 	C:\Users\Kordian\AppData\Local\Temp\libgdxKordian\dc0f0009\OpenAL64.dll
0x00007ffdfc000000 - 0x00007ffdfc00b000 	C:\Windows\SYSTEM32\kernel.appcore.dll
0x00007ffdfbe30000 - 0x00007ffdfbf59000 	C:\Windows\system32\uxtheme.dll
0x00007ffdfef10000 - 0x00007ffdfefc6000 	C:\Windows\SYSTEM32\clbcatq.dll
0x00007ffde33f0000 - 0x00007ffde348d000 	C:\Windows\SYSTEM32\dsound.dll
0x00007ffdfd160000 - 0x00007ffdfd1a6000 	C:\Windows\SYSTEM32\POWRPROF.dll
0x00007ffdfa740000 - 0x00007ffdfa7b0000 	C:\Windows\System32\MMDevApi.dll
0x00007ffdf00e0000 - 0x00007ffdf015e000 	C:\Windows\SYSTEM32\AUDIOSES.DLL
0x00007ffdff470000 - 0x00007ffdff531000 	C:\Windows\system32\OLEAUT32.dll
0x00007ffdfb510000 - 0x00007ffdfb531000 	C:\Windows\system32\dwmapi.dll
0x000000001db40000 - 0x000000001f881000 	C:\Windows\SYSTEM32\nvoglv64.DLL
0x00007ffdff870000 - 0x00007ffdffa4a000 	C:\Windows\system32\SETUPAPI.dll
0x00007ffdfbdd0000 - 0x00007ffdfbde2000 	C:\Windows\SYSTEM32\WTSAPI32.dll
0x00007ffdfd390000 - 0x00007ffdfd3e1000 	C:\Windows\system32\WINTRUST.dll
0x00007ffdfd560000 - 0x00007ffdfd73f000 	C:\Windows\system32\CRYPT32.dll
0x00007ffdfd2c0000 - 0x00007ffdfd2d1000 	C:\Windows\system32\MSASN1.dll
0x00007ffdfa3b0000 - 0x00007ffdfa3e2000 	C:\Windows\SYSTEM32\ntmarta.dll
0x00007ffdfc400000 - 0x00007ffdfc45a000 	C:\Windows\SYSTEM32\WINSTA.dll
0x00007ffdfae90000 - 0x00007ffdfaf22000 	C:\Windows\SYSTEM32\mscms.dll
0x00007ffdec2d0000 - 0x00007ffdec311000 	C:\Windows\SYSTEM32\icm32.dll
0x000000006a740000 - 0x000000006a7ed000 	C:\Users\Kordian\AppData\Local\Temp\libgdxKordian\39623fc\gdx-freetype64.dll
0x0000000069340000 - 0x00000000693c5000 	C:\Users\Kordian\AppData\Local\Temp\sqlite-3.7.2-sqlitejdbc.dll
0x00000000644c0000 - 0x0000000064656000 	C:\Program Files\Java\jre8\bin\awt.dll
0x0000000064470000 - 0x00000000644b7000 	C:\Program Files\Java\jre8\bin\fontmanager.dll
0x00007ffde88d0000 - 0x00007ffde8af1000 	C:\Windows\system32\d3d9.dll
0x00007ffdd50d0000 - 0x00007ffdd5feb000 	C:\Windows\SYSTEM32\nvd3dumx.dll
0x0000000027df0000 - 0x0000000027f97000 	C:\Windows\system32\nvspcap64.dll
0x00007ffdf78f0000 - 0x00007ffdf79b9000 	C:\Windows\SYSTEM32\WINHTTP.dll
0x00007ffdfa820000 - 0x00007ffdfab80000 	C:\Windows\system32\nvapi64.dll
0x0000000064420000 - 0x0000000064461000 	C:\Program Files\Java\jre8\bin\t2k.dll
0x00007ffdf9fd0000 - 0x00007ffdfa17e000 	C:\Windows\SYSTEM32\WindowsCodecs.dll
0x00007ffdf3130000 - 0x00007ffdf32b9000 	C:\Windows\SYSTEM32\dbghelp.dll

VM Arguments:
jvm_args: -Dfile.encoding=Cp1250 
java_command: com.kwing.game.desktop.DesktopLauncher
java_class_path (initial): C:\Users\Kordian\git\Kwing1\desktop\bin;C:\Users\Kordian\git\Kwing1\core\bin;C:\Users\Kordian\.gradle\caches\modules-2\files-2.1\com.badlogicgames.gdx\gdx\1.6.0\b7ac8e495b4e4828a30fa97654a17bdfb9f93734\gdx-1.6.0.jar;C:\Users\Kordian\.gradle\caches\modules-2\files-2.1\com.badlogicgames.gdx\gdx-freetype\1.6.0\2ea60958fc2ee0c519583fcd1fbda39175665d33\gdx-freetype-1.6.0.jar;C:\Users\Kordian\git\Kwing1\core\libs\gdx-sqlite.jar;C:\Users\Kordian\.gradle\caches\modules-2\files-2.1\com.badlogicgames.gdx\gdx-backend-lwjgl\1.6.0\442f452a2e78c2e67be9c91138c279044617dd48\gdx-backend-lwjgl-1.6.0.jar;C:\Users\Kordian\.gradle\caches\modules-2\files-2.1\com.badlogicgames.gdx\gdx-platform\1.6.0\276722e4fa28b31548cbca11c382af1c4e0cf690\gdx-platform-1.6.0-natives-desktop.jar;C:\Users\Kordian\.gradle\caches\modules-2\files-2.1\com.badlogicgames.gdx\gdx-freetype-platform\1.6.0\366a7efa22d863348696af542a1b02dd67a8165d\gdx-freetype-platform-1.6.0-natives-desktop.jar;C:\Users\Kordian\.gradle\caches\modules-2\files-2.1\org.lwjgl.lwjgl\lwjgl\2.9.2\a9d80fe5935c7a9149f6584d9777cfd471f65489\lwjgl-2.9.2.jar;C:\Users\Kordian\.gradle\caches\modules-2\files-2.1\org.lwjgl.lwjgl\lwjgl_util\2.9.2\4b9e37300a87799856e0bd15ed81663cdb6b0947\lwjgl_util-2.9.2.jar;C:\Users\Kordian\.gradle\caches\modules-2\files-2.1\com.badlogicgames.jlayer\jlayer\1.0.1-gdx\7cca83cec5c1b2f011362f4d85aabd71a73b049d\jlayer-1.0.1-gdx.jar;C:\Users\Kordian\.gradle\caches\modules-2\files-2.1\org.jcraft\jorbis\0.0.17\8872d22b293e8f5d7d56ff92be966e6dc28ebdc6\jorbis-0.0.17.jar;C:\Users\Kordian\.gradle\caches\modules-2\files-2.1\org.lwjgl.lwjgl\lwjgl-platform\2.9.2\510c7d317f5e9e700b9cfaac5fd38bdebf0702e0\lwjgl-platform-2.9.2-natives-windows.jar;C:\Users\Kordian\.gradle\caches\modules-2\files-2.1\org.lwjgl.lwjgl\lwjgl-platform\2.9.2\d276cdf61fe2b516c7b7f4aa1b8dea91dbdc8d56\lwjgl-platform-2.9.2-natives-linux.jar;C:\Users\Kordian\.gradle\caches\modules-2\files-2.1\org.lwjgl.lwjgl\lwjgl-platform\2.9.2\d55b46b40
Launcher Type: SUN_STANDARD

Environment Variables:
PATH=C:\Python34\;C:\Python34\Scripts;C:\Program Files\NVIDIA GPU Computing Toolkit\CUDA\v6.0\bin;C:\Program Files\NVIDIA GPU Computing Toolkit\CUDA\v6.0\libnvvp;C:\Program Files (x86)\Intel\iCLS Client\;C:\Program Files\Intel\iCLS Client\;C:\Windows\system32;C:\Windows;C:\Windows\System32\Wbem;C:\Windows\System32\WindowsPowerShell\v1.0\;C:\Program Files (x86)\Windows Kits\8.1\Windows Performance Toolkit\;C:\Program Files\Microsoft SQL Server\110\Tools\Binn\;C:\Program Files\Microsoft\Web Platform Installer\;C:\Program Files\Intel\WiFi\bin\;C:\Program Files\Common Files\Intel\WirelessCommon\;C:\Program Files\Intel\Intel(R) Management Engine Components\DAL;C:\Program Files (x86)\Intel\Intel(R) Management Engine Components\DAL;C:\Program Files\Intel\Intel(R) Management Engine Components\IPT;C:\Program Files (x86)\Intel\Intel(R) Management Engine Components\IPT;C:\Program Files (x86)\NVIDIA Corporation\PhysX\Common;C:\Program Files\Java\jdk1.8.0_05\bin;C:\adb;C:\Program Files (x86)\Skype\Phone\;C:\Program Files\Java\jdk1.8.0_05\bin;C:\Program Files\Intel\WiFi\bin\;C:\Program Files\Common Files\Intel\WirelessCommon\
USERNAME=Kordian
OS=Windows_NT
PROCESSOR_IDENTIFIER=Intel64 Family 6 Model 60 Stepping 3, GenuineIntel



---------------  S Y S T E M  ---------------

OS: Windows 8.1 , 64 bit Build 9600 

CPU:total 8 (4 cores per cpu, 2 threads per core) family 6 model 60 stepping 3, cmov, cx8, fxsr, mmx, sse, sse2, sse3, ssse3, sse4.1, sse4.2, popcnt, avx, avx2, aes, clmul, erms, ht, tsc, tscinvbit

Memory: 4k page, physical 12532076k(7068740k free), swap 24820076k(15705044k free)

vm_info: Java HotSpot(TM) 64-Bit Server VM (25.5-b02) for windows-amd64 JRE (1.8.0_05-b13), built on Mar 18 2014 01:08:39 by "java_re" with MS VC++ 10.0 (VS2010)

time: Sat Jul 25 17:03:15 2015
elapsed time: 2 seconds

