#
# A fatal error has been detected by the Java Runtime Environment:
#
#  EXCEPTION_ACCESS_VIOLATION (0xc0000005) at pc=0x000000006a79596a, pid=19488, tid=18468
#
# JRE version: Java(TM) SE Runtime Environment (8.0_05-b13) (build 1.8.0_05-b13)
# Java VM: Java HotSpot(TM) 64-Bit Server VM (25.5-b02 mixed mode windows-amd64 compressed oops)
# Problematic frame:
# C  [gdx-freetype64.dll+0x5596a]
#
# Failed to write core dump. Minidumps are not enabled by default on client versions of Windows
#
# If you would like to submit a bug report, please visit:
#   http://bugreport.sun.com/bugreport/crash.jsp
# The crash happened outside the Java Virtual Machine in native code.
# See problematic frame for where to report the bug.
#

---------------  T H R E A D  ---------------

Current thread (0x000000001c3f6800):  JavaThread "LWJGL Application" [_thread_in_native, id=18468, stack(0x000000001de80000,0x000000001df80000)]

siginfo: ExceptionCode=0xc0000005, reading address 0x0000000000000000

Registers:
RAX=0x000000006a795960, RBX=0x0000000000000000, RCX=0x0000000000000000, RDX=0x000000001df7f210
RSP=0x000000001df7f160, RBP=0x000000001df7f2f8, RSI=0x0000000000200021, RDI=0x0000000002bc7380
R8 =0x0000000000002000, R9 =0x0000000000002000, R10=0x0000000002bd5182, R11=0x0000000066bd9df0
R12=0x0000000000000000, R13=0x0000000019d58590, R14=0x000000001df7f330, R15=0x000000001c3f6800
RIP=0x000000006a79596a, EFLAGS=0x0000000000010206

Top of Stack: (sp=0x000000001df7f160)
0x000000001df7f160:   0000000000000024 0000000019d59478
0x000000001df7f170:   000000001c3f6800 0000000019b63028
0x000000001df7f180:   0000000019d597c0 0000000019d59478
0x000000001df7f190:   0000000024073760 0000000000200021
0x000000001df7f1a0:   0000000002bc7380 000000006a749dde
0x000000001df7f1b0:   0000000000000000 0000000000000000
0x000000001df7f1c0:   0000000000000000 0000000000000001
0x000000001df7f1d0:   000000001d519201 000000001df7f500
0x000000001df7f1e0:   0000000019d58590 000000006a749f0d
0x000000001df7f1f0:   0000000002b10fe0 000000001d519260
0x000000001df7f200:   00000007c009c518 0000000066acc535
0x000000001df7f210:   0000200000000000 0000000000002000
0x000000001df7f220:   0000000000000000 000000001df7f520
0x000000001df7f230:   00000007c009c518 000000006a741604
0x000000001df7f240:   000000001c161178 000000001c161178
0x000000001df7f250:   000000001c161180 000000001c161178 

Instructions: (pc=0x000000006a79596a)
0x000000006a79594a:   fe ff ff 31 c0 48 83 c4 20 5b c3 66 66 2e 0f 1f
0x000000006a79595a:   84 00 00 00 00 00 57 56 53 48 83 ec 30 48 89 cb
0x000000006a79596a:   48 8b 09 48 89 d6 f6 41 08 02 74 2a 48 8b 81 c0
0x000000006a79597a:   02 00 00 4c 8d 44 24 2c ff 90 d0 00 00 00 85 c0 


Register to memory mapping:

RAX=0x000000006a795960 is an unknown value
RBX=0x0000000000000000 is an unknown value
RCX=0x0000000000000000 is an unknown value
RDX=0x000000001df7f210 is pointing into the stack for thread: 0x000000001c3f6800
RSP=0x000000001df7f160 is pointing into the stack for thread: 0x000000001c3f6800
RBP=0x000000001df7f2f8 is pointing into the stack for thread: 0x000000001c3f6800
RSI=0x0000000000200021 is an unknown value
RDI=0x0000000002bc7380 is at code_begin+1664 in an Interpreter codelet
invoke return entry points  [0x0000000002bc6d00, 0x0000000002bc7460]  1888 bytes
R8 =0x0000000000002000 is an unknown value
R9 =0x0000000000002000 is an unknown value
R10=0x0000000002bd5182 is at code_begin+834 in an Interpreter codelet
method entry point (kind = native)  [0x0000000002bd4e40, 0x0000000002bd5780]  2368 bytes
R11=0x0000000066bd9df0 is an unknown value
R12=0x0000000000000000 is an unknown value
R13=0x0000000019d58590 is an unknown value
R14=0x000000001df7f330 is pointing into the stack for thread: 0x000000001c3f6800
R15=0x000000001c3f6800 is a thread


Stack: [0x000000001de80000,0x000000001df80000],  sp=0x000000001df7f160,  free space=1020k
Native frames: (J=compiled Java code, j=interpreted, Vv=VM code, C=native code)
C  [gdx-freetype64.dll+0x5596a]
C  [gdx-freetype64.dll+0x9dde]
C  [gdx-freetype64.dll+0x9f0d]
C  [gdx-freetype64.dll+0x1604]
C  0x0000000002bd51ae

Java frames: (J=compiled Java code, j=interpreted, Vv=VM code)
j  com.badlogic.gdx.graphics.g2d.freetype.FreeType$Face.setPixelSizes(JII)Z+0
j  com.badlogic.gdx.graphics.g2d.freetype.FreeType$Face.setPixelSizes(II)Z+6
j  com.badlogic.gdx.graphics.g2d.freetype.FreeTypeFontGenerator.setPixelSizes(II)V+23
j  com.badlogic.gdx.graphics.g2d.freetype.FreeTypeFontGenerator.generateData(Lcom/badlogic/gdx/graphics/g2d/freetype/FreeTypeFontGenerator$FreeTypeFontParameter;Lcom/badlogic/gdx/graphics/g2d/freetype/FreeTypeFontGenerator$FreeTypeBitmapFontData;)Lcom/badlogic/gdx/graphics/g2d/freetype/FreeTypeFontGenerator$FreeTypeBitmapFontData;+39
j  com.badlogic.gdx.graphics.g2d.freetype.FreeTypeFontGenerator.generateFont(Lcom/badlogic/gdx/graphics/g2d/freetype/FreeTypeFontGenerator$FreeTypeFontParameter;Lcom/badlogic/gdx/graphics/g2d/freetype/FreeTypeFontGenerator$FreeTypeBitmapFontData;)Lcom/badlogic/gdx/graphics/g2d/BitmapFont;+3
j  com.badlogic.gdx.graphics.g2d.freetype.FreeTypeFontGenerator.generateFont(Lcom/badlogic/gdx/graphics/g2d/freetype/FreeTypeFontGenerator$FreeTypeFontParameter;)Lcom/badlogic/gdx/graphics/g2d/BitmapFont;+9
j  com.kwing.game.entities.Resources$Fonts.generateTitleFont()V+56
j  com.kwing.game.main.Game.create()V+93
j  com.badlogic.gdx.backends.lwjgl.LwjglApplication.mainLoop()V+29
j  com.badlogic.gdx.backends.lwjgl.LwjglApplication$1.run()V+27
v  ~StubRoutines::call_stub

---------------  P R O C E S S  ---------------

Java Threads: ( => current thread )
  0x0000000002ac2800 JavaThread "DestroyJavaVM" [_thread_blocked, id=18988, stack(0x00000000029c0000,0x0000000002ac0000)]
=>0x000000001c3f6800 JavaThread "LWJGL Application" [_thread_in_native, id=18468, stack(0x000000001de80000,0x000000001df80000)]
  0x000000001c1db000 JavaThread "Service Thread" daemon [_thread_blocked, id=12500, stack(0x000000001cb20000,0x000000001cc20000)]
  0x000000001c159800 JavaThread "C1 CompilerThread3" daemon [_thread_blocked, id=2752, stack(0x000000001ca20000,0x000000001cb20000)]
  0x000000001c153000 JavaThread "C2 CompilerThread2" daemon [_thread_blocked, id=19436, stack(0x000000001c920000,0x000000001ca20000)]
  0x000000001c14a000 JavaThread "C2 CompilerThread1" daemon [_thread_blocked, id=15952, stack(0x000000001c820000,0x000000001c920000)]
  0x000000001c148800 JavaThread "C2 CompilerThread0" daemon [_thread_blocked, id=20540, stack(0x000000001c720000,0x000000001c820000)]
  0x000000001c146000 JavaThread "Attach Listener" daemon [_thread_blocked, id=21112, stack(0x000000001c620000,0x000000001c720000)]
  0x000000001c145000 JavaThread "Signal Dispatcher" daemon [_thread_blocked, id=16340, stack(0x000000001c520000,0x000000001c620000)]
  0x0000000002bb8000 JavaThread "Finalizer" daemon [_thread_blocked, id=18612, stack(0x000000001c010000,0x000000001c110000)]
  0x000000001a14c800 JavaThread "Reference Handler" daemon [_thread_blocked, id=13160, stack(0x000000001bf10000,0x000000001c010000)]

Other Threads:
  0x000000001a147800 VMThread [stack: 0x000000001be10000,0x000000001bf10000] [id=19312]
  0x000000001c1e5000 WatcherThread [stack: 0x000000001cc20000,0x000000001cd20000] [id=20828]

VM state:not at safepoint (normal execution)

VM Mutex/Monitor currently owned by a thread: None

Heap:
 PSYoungGen      total 9728K, used 3189K [0x0000000780400000, 0x0000000781100000, 0x00000007c0000000)
  eden space 7680K, 15% used [0x0000000780400000,0x0000000780523de8,0x0000000780b80000)
  from space 2048K, 98% used [0x0000000780e00000,0x0000000780ff9910,0x0000000781000000)
  to   space 2560K, 0% used [0x0000000780b80000,0x0000000780b80000,0x0000000780e00000)
 ParOldGen       total 195072K, used 1929K [0x0000000700c00000, 0x000000070ca80000, 0x0000000780400000)
  object space 195072K, 0% used [0x0000000700c00000,0x0000000700de26d8,0x000000070ca80000)
 Metaspace       used 6821K, capacity 7203K, committed 7424K, reserved 1056768K
  class space    used 657K, capacity 688K, committed 768K, reserved 1048576K

Card table byte_map: [0x0000000011f80000,0x0000000012580000] byte_map_base: 0x000000000e77a000

Marking Bits: (ParMarkBitMap*) 0x00000000671813b0
 Begin Bits: [0x0000000013180000, 0x0000000016150000)
 End Bits:   [0x0000000016150000, 0x0000000019120000)

Polling page: 0x0000000002970000

CodeCache: size=245760Kb used=2951Kb max_used=2959Kb free=242809Kb
 bounds [0x0000000002bc0000, 0x0000000002eb0000, 0x0000000011bc0000]
 total_blobs=1139 nmethods=692 adapters=361
 compilation: enabled

Compilation events (10 events):
Event: 1.061 Thread 0x000000001c159800 nmethod 690 0x0000000002e859d0 code [0x0000000002e85b40, 0x0000000002e85d30]
Event: 1.061 Thread 0x000000001c159800  691       3       com.badlogic.gdx.graphics.glutils.PixmapTextureData::getHeight (8 bytes)
Event: 1.061 Thread 0x000000001c159800 nmethod 691 0x0000000002e85550 code [0x0000000002e856c0, 0x0000000002e858b0]
Event: 1.061 Thread 0x000000001c159800  688       3       com.badlogic.gdx.graphics.Texture::getHeight (10 bytes)
Event: 1.061 Thread 0x000000001c159800 nmethod 688 0x0000000002e85110 code [0x0000000002e85280, 0x0000000002e854a8]
Event: 1.061 Thread 0x000000001c159800  689       3       com.badlogic.gdx.graphics.g2d.BitmapFont$BitmapFontData::setGlyphRegion (390 bytes)
Event: 1.061 Thread 0x000000001c159800 nmethod 689 0x0000000002e9f410 code [0x0000000002e9f640, 0x0000000002ea0198]
Event: 1.061 Thread 0x000000001c159800  692       3       com.badlogic.gdx.utils.Array::get (54 bytes)
Event: 1.062 Thread 0x000000001c159800 nmethod 692 0x0000000002ea3490 code [0x0000000002ea36a0, 0x0000000002ea40d8]
Event: 1.062 Thread 0x000000001c148800 nmethod 656% 0x0000000002ea4590 code [0x0000000002ea4880, 0x0000000002ea5e78]

GC Heap History (10 events):
Event: 0.263 GC heap before
{Heap before GC invocations=4 (full 0):
 PSYoungGen      total 1536K, used 1520K [0x0000000780400000, 0x0000000780700000, 0x00000007c0000000)
  eden space 1024K, 100% used [0x0000000780400000,0x0000000780500000,0x0000000780500000)
  from space 512K, 96% used [0x0000000780500000,0x000000078057c010,0x0000000780580000)
  to   space 512K, 0% used [0x0000000780680000,0x0000000780680000,0x0000000780700000)
 ParOldGen       total 195072K, used 443K [0x0000000700c00000, 0x000000070ca80000, 0x0000000780400000)
  object space 195072K, 0% used [0x0000000700c00000,0x0000000700c6ee90,0x000000070ca80000)
 Metaspace       used 3787K, capacity 4832K, committed 5120K, reserved 1056768K
  class space    used 419K, capacity 464K, committed 512K, reserved 1048576K
Event: 0.263 GC heap after
Heap after GC invocations=4 (full 0):
 PSYoungGen      total 2560K, used 512K [0x0000000780400000, 0x0000000780700000, 0x00000007c0000000)
  eden space 2048K, 0% used [0x0000000780400000,0x0000000780400000,0x0000000780600000)
  from space 512K, 100% used [0x0000000780680000,0x0000000780700000,0x0000000780700000)
  to   space 512K, 0% used [0x0000000780600000,0x0000000780600000,0x0000000780680000)
 ParOldGen       total 195072K, used 539K [0x0000000700c00000, 0x000000070ca80000, 0x0000000780400000)
  object space 195072K, 0% used [0x0000000700c00000,0x0000000700c86e90,0x000000070ca80000)
 Metaspace       used 3787K, capacity 4832K, committed 5120K, reserved 1056768K
  class space    used 419K, capacity 464K, committed 512K, reserved 1048576K
}
Event: 0.323 GC heap before
{Heap before GC invocations=5 (full 0):
 PSYoungGen      total 2560K, used 2560K [0x0000000780400000, 0x0000000780700000, 0x00000007c0000000)
  eden space 2048K, 100% used [0x0000000780400000,0x0000000780600000,0x0000000780600000)
  from space 512K, 100% used [0x0000000780680000,0x0000000780700000,0x0000000780700000)
  to   space 512K, 0% used [0x0000000780600000,0x0000000780600000,0x0000000780680000)
 ParOldGen       total 195072K, used 539K [0x0000000700c00000, 0x000000070ca80000, 0x0000000780400000)
  object space 195072K, 0% used [0x0000000700c00000,0x0000000700c86e90,0x000000070ca80000)
 Metaspace       used 4382K, capacity 5248K, committed 5376K, reserved 1056768K
  class space    used 478K, capacity 496K, committed 512K, reserved 1048576K
Event: 0.324 GC heap after
Heap after GC invocations=5 (full 0):
 PSYoungGen      total 2560K, used 496K [0x0000000780400000, 0x0000000780b00000, 0x00000007c0000000)
  eden space 2048K, 0% used [0x0000000780400000,0x0000000780400000,0x0000000780600000)
  from space 512K, 96% used [0x0000000780600000,0x000000078067c010,0x0000000780680000)
  to   space 1536K, 0% used [0x0000000780980000,0x0000000780980000,0x0000000780b00000)
 ParOldGen       total 195072K, used 1061K [0x0000000700c00000, 0x000000070ca80000, 0x0000000780400000)
  object space 195072K, 0% used [0x0000000700c00000,0x0000000700d09610,0x000000070ca80000)
 Metaspace       used 4382K, capacity 5248K, committed 5376K, reserved 1056768K
  class space    used 478K, capacity 496K, committed 512K, reserved 1048576K
}
Event: 0.546 GC heap before
{Heap before GC invocations=6 (full 0):
 PSYoungGen      total 2560K, used 2541K [0x0000000780400000, 0x0000000780b00000, 0x00000007c0000000)
  eden space 2048K, 99% used [0x0000000780400000,0x00000007805ff618,0x0000000780600000)
  from space 512K, 96% used [0x0000000780600000,0x000000078067c010,0x0000000780680000)
  to   space 1536K, 0% used [0x0000000780980000,0x0000000780980000,0x0000000780b00000)
 ParOldGen       total 195072K, used 1061K [0x0000000700c00000, 0x000000070ca80000, 0x0000000780400000)
  object space 195072K, 0% used [0x0000000700c00000,0x0000000700d09610,0x000000070ca80000)
 Metaspace       used 5475K, capacity 6083K, committed 6272K, reserved 1056768K
  class space    used 546K, capacity 592K, committed 640K, reserved 1048576K
Event: 0.548 GC heap after
Heap after GC invocations=6 (full 0):
 PSYoungGen      total 5632K, used 1048K [0x0000000780400000, 0x0000000780b00000, 0x00000007c0000000)
  eden space 4096K, 0% used [0x0000000780400000,0x0000000780400000,0x0000000780800000)
  from space 1536K, 68% used [0x0000000780980000,0x0000000780a86028,0x0000000780b00000)
  to   space 1536K, 0% used [0x0000000780800000,0x0000000780800000,0x0000000780980000)
 ParOldGen       total 195072K, used 1069K [0x0000000700c00000, 0x000000070ca80000, 0x0000000780400000)
  object space 195072K, 0% used [0x0000000700c00000,0x0000000700d0b610,0x000000070ca80000)
 Metaspace       used 5475K, capacity 6083K, committed 6272K, reserved 1056768K
  class space    used 546K, capacity 592K, committed 640K, reserved 1048576K
}
Event: 0.894 GC heap before
{Heap before GC invocations=7 (full 0):
 PSYoungGen      total 5632K, used 5144K [0x0000000780400000, 0x0000000780b00000, 0x00000007c0000000)
  eden space 4096K, 100% used [0x0000000780400000,0x0000000780800000,0x0000000780800000)
  from space 1536K, 68% used [0x0000000780980000,0x0000000780a86028,0x0000000780b00000)
  to   space 1536K, 0% used [0x0000000780800000,0x0000000780800000,0x0000000780980000)
 ParOldGen       total 195072K, used 1069K [0x0000000700c00000, 0x000000070ca80000, 0x0000000780400000)
  object space 195072K, 0% used [0x0000000700c00000,0x0000000700d0b610,0x000000070ca80000)
 Metaspace       used 6481K, capacity 6915K, committed 7168K, reserved 1056768K
  class space    used 623K, capacity 656K, committed 768K, reserved 1048576K
Event: 0.896 GC heap after
Heap after GC invocations=7 (full 0):
 PSYoungGen      total 5632K, used 1506K [0x0000000780400000, 0x0000000781000000, 0x00000007c0000000)
  eden space 4096K, 0% used [0x0000000780400000,0x0000000780400000,0x0000000780800000)
  from space 1536K, 98% used [0x0000000780800000,0x0000000780978980,0x0000000780980000)
  to   space 2048K, 0% used [0x0000000780e00000,0x0000000780e00000,0x0000000781000000)
 ParOldGen       total 195072K, used 1541K [0x0000000700c00000, 0x000000070ca80000, 0x0000000780400000)
  object space 195072K, 0% used [0x0000000700c00000,0x0000000700d816c0,0x000000070ca80000)
 Metaspace       used 6481K, capacity 6915K, committed 7168K, reserved 1056768K
  class space    used 623K, capacity 656K, committed 768K, reserved 1048576K
}
Event: 0.990 GC heap before
{Heap before GC invocations=8 (full 0):
 PSYoungGen      total 5632K, used 5600K [0x0000000780400000, 0x0000000781000000, 0x00000007c0000000)
  eden space 4096K, 99% used [0x0000000780400000,0x00000007807ffa78,0x0000000780800000)
  from space 1536K, 98% used [0x0000000780800000,0x0000000780978980,0x0000000780980000)
  to   space 2048K, 0% used [0x0000000780e00000,0x0000000780e00000,0x0000000781000000)
 ParOldGen       total 195072K, used 1541K [0x0000000700c00000, 0x000000070ca80000, 0x0000000780400000)
  object space 195072K, 0% used [0x0000000700c00000,0x0000000700d816c0,0x000000070ca80000)
 Metaspace       used 6783K, capacity 7203K, committed 7424K, reserved 1056768K
  class space    used 655K, capacity 688K, committed 768K, reserved 1048576K
Event: 0.992 GC heap after
Heap after GC invocations=8 (full 0):
 PSYoungGen      total 9728K, used 2022K [0x0000000780400000, 0x0000000781100000, 0x00000007c0000000)
  eden space 7680K, 0% used [0x0000000780400000,0x0000000780400000,0x0000000780b80000)
  from space 2048K, 98% used [0x0000000780e00000,0x0000000780ff9910,0x0000000781000000)
  to   space 2560K, 0% used [0x0000000780b80000,0x0000000780b80000,0x0000000780e00000)
 ParOldGen       total 195072K, used 1929K [0x0000000700c00000, 0x000000070ca80000, 0x0000000780400000)
  object space 195072K, 0% used [0x0000000700c00000,0x0000000700de26d8,0x000000070ca80000)
 Metaspace       used 6783K, capacity 7203K, committed 7424K, reserved 1056768K
  class space    used 655K, capacity 688K, committed 768K, reserved 1048576K
}

Deoptimization events (1 events):
Event: 1.042 Thread 0x000000001c3f6800 Uncommon trap: reason=unreached action=reinterpret pc=0x0000000002e078e4 method=com.badlogic.gdx.graphics.g2d.freetype.FreeTypeFontGenerator$FreeTypeBitmapFontData.getGlyph(C)Lcom/badlogic/gdx/graphics/g2d/BitmapFont$Glyph; @ 7

Internal exceptions (10 events):
Event: 0.919 Thread 0x000000001c3f6800 Exception <a 'java/security/PrivilegedActionException'> (0x0000000780501490) thrown at [D:\re\workspace\8-2-build-windows-amd64-cygwin\jdk8u5\2488\hotspot\src\share\vm\prims\jvm.cpp, line 1248]
Event: 0.919 Thread 0x000000001c3f6800 Exception <a 'java/security/PrivilegedActionException'> (0x0000000780505168) thrown at [D:\re\workspace\8-2-build-windows-amd64-cygwin\jdk8u5\2488\hotspot\src\share\vm\prims\jvm.cpp, line 1248]
Event: 0.921 Thread 0x000000001c3f6800 Exception <a 'java/security/PrivilegedActionException'> (0x0000000780515908) thrown at [D:\re\workspace\8-2-build-windows-amd64-cygwin\jdk8u5\2488\hotspot\src\share\vm\prims\jvm.cpp, line 1248]
Event: 0.922 Thread 0x000000001c3f6800 Exception <a 'java/security/PrivilegedActionException'> (0x0000000780525d70) thrown at [D:\re\workspace\8-2-build-windows-amd64-cygwin\jdk8u5\2488\hotspot\src\share\vm\prims\jvm.cpp, line 1248]
Event: 0.928 Thread 0x000000001c3f6800 Exception <a 'java/security/PrivilegedActionException'> (0x000000078055bba8) thrown at [D:\re\workspace\8-2-build-windows-amd64-cygwin\jdk8u5\2488\hotspot\src\share\vm\prims\jvm.cpp, line 1248]
Event: 0.928 Thread 0x000000001c3f6800 Exception <a 'java/security/PrivilegedActionException'> (0x0000000780568a48) thrown at [D:\re\workspace\8-2-build-windows-amd64-cygwin\jdk8u5\2488\hotspot\src\share\vm\prims\jvm.cpp, line 1248]
Event: 0.928 Thread 0x000000001c3f6800 Exception <a 'java/security/PrivilegedActionException'> (0x000000078056db58) thrown at [D:\re\workspace\8-2-build-windows-amd64-cygwin\jdk8u5\2488\hotspot\src\share\vm\prims\jvm.cpp, line 1248]
Event: 1.002 Thread 0x000000001c3f6800 Exception <a 'java/security/PrivilegedActionException'> (0x0000000780467c08) thrown at [D:\re\workspace\8-2-build-windows-amd64-cygwin\jdk8u5\2488\hotspot\src\share\vm\prims\jvm.cpp, line 1248]
Event: 1.003 Thread 0x000000001c3f6800 Exception <a 'java/security/PrivilegedActionException'> (0x00000007804ba7c0) thrown at [D:\re\workspace\8-2-build-windows-amd64-cygwin\jdk8u5\2488\hotspot\src\share\vm\prims\jvm.cpp, line 1248]
Event: 1.022 Thread 0x000000001c3f6800 Exception <a 'java/security/PrivilegedActionException'> (0x00000007804df790) thrown at [D:\re\workspace\8-2-build-windows-amd64-cygwin\jdk8u5\2488\hotspot\src\share\vm\prims\jvm.cpp, line 1248]

Events (10 events):
Event: 1.020 Thread 0x000000001c3f6800 DEOPT UNPACKING pc=0x0000000002c07604 sp=0x000000001df7ee90 mode 0
Event: 1.020 Thread 0x000000001c3f6800 DEOPT PACKING pc=0x0000000002e50c3b sp=0x000000001df7f140
Event: 1.020 Thread 0x000000001c3f6800 DEOPT UNPACKING pc=0x0000000002c07604 sp=0x000000001df7ee90 mode 0
Event: 1.021 Thread 0x000000001c3f6800 DEOPT PACKING pc=0x0000000002e50c3b sp=0x000000001df7f140
Event: 1.021 Thread 0x000000001c3f6800 DEOPT UNPACKING pc=0x0000000002c07604 sp=0x000000001df7ee90 mode 0
Event: 1.022 loading class com/kwing/game/entities/Resources$Fonts
Event: 1.022 loading class com/kwing/game/entities/Resources$Fonts done
Event: 1.042 Thread 0x000000001c3f6800 Uncommon trap: trap_request=0xffffffad fr.pc=0x0000000002e078e4
Event: 1.043 Thread 0x000000001c3f6800 DEOPT PACKING pc=0x0000000002e078e4 sp=0x000000001df7f260
Event: 1.043 Thread 0x000000001c3f6800 DEOPT UNPACKING pc=0x0000000002c055af sp=0x000000001df7f1c8 mode 2


Dynamic libraries:
0x00007ff64c5c0000 - 0x00007ff64c5f4000 	C:\Program Files\Java\jre8\bin\javaw.exe
0x00007ffe000b0000 - 0x00007ffe0025c000 	C:\Windows\SYSTEM32\ntdll.dll
0x00007ffdff170000 - 0x00007ffdff2ae000 	C:\Windows\system32\KERNEL32.DLL
0x00007ffdfd440000 - 0x00007ffdfd555000 	C:\Windows\system32\KERNELBASE.dll
0x00007ffdfbd40000 - 0x00007ffdfbdce000 	C:\Windows\system32\apphelp.dll
0x00007ffdebcf0000 - 0x00007ffdebd43000 	C:\Windows\AppPatch\AppPatch64\AcGenral.DLL
0x00007ffdfee60000 - 0x00007ffdfef0a000 	C:\Windows\system32\msvcrt.dll
0x00007ffdfcff0000 - 0x00007ffdfd01e000 	C:\Windows\SYSTEM32\SspiCli.dll
0x00007ffdfee00000 - 0x00007ffdfee54000 	C:\Windows\system32\SHLWAPI.dll
0x00007ffdff6f0000 - 0x00007ffdff867000 	C:\Windows\system32\USER32.dll
0x00007ffdff2d0000 - 0x00007ffdff464000 	C:\Windows\system32\ole32.dll
0x00007ffdfd8e0000 - 0x00007ffdfedf9000 	C:\Windows\system32\SHELL32.dll
0x00007ffdfc7c0000 - 0x00007ffdfc7e1000 	C:\Windows\SYSTEM32\USERENV.dll
0x00007ffdfefd0000 - 0x00007ffdff07a000 	C:\Windows\system32\ADVAPI32.dll
0x00007ffdf3870000 - 0x00007ffdf388e000 	C:\Windows\SYSTEM32\MPR.dll
0x00007ffdfd780000 - 0x00007ffdfd8c1000 	C:\Windows\system32\RPCRT4.dll
0x00007ffdffb10000 - 0x00007ffdffb69000 	C:\Windows\SYSTEM32\sechost.dll
0x00007ffdffcd0000 - 0x00007ffdffee1000 	C:\Windows\SYSTEM32\combase.dll
0x00007ffdffb70000 - 0x00007ffdffcc0000 	C:\Windows\system32\GDI32.dll
0x00007ffdfd210000 - 0x00007ffdfd225000 	C:\Windows\SYSTEM32\profapi.dll
0x00007ffdfbc80000 - 0x00007ffdfbd32000 	C:\Windows\SYSTEM32\SHCORE.dll
0x00007ffdfd740000 - 0x00007ffdfd776000 	C:\Windows\system32\IMM32.DLL
0x00007ffdfff50000 - 0x00007ffe000a2000 	C:\Windows\system32\MSCTF.dll
0x00007ffdfd1c0000 - 0x00007ffdfd1f1000 	C:\Windows\system32\nvinitx.dll
0x00007ffdfd1b0000 - 0x00007ffdfd1ba000 	C:\Windows\SYSTEM32\VERSION.dll
0x00007ffdfaf30000 - 0x00007ffdfb1aa000 	C:\Windows\WinSxS\amd64_microsoft.windows.common-controls_6595b64144ccf1df_6.0.9600.17810_none_6240b9c7ecbd0bda\COMCTL32.dll
0x0000000067200000 - 0x00000000672d2000 	C:\Program Files\Java\jre8\bin\msvcr100.dll
0x00000000669d0000 - 0x00000000671fa000 	C:\Program Files\Java\jre8\bin\server\jvm.dll
0x00007ffdf2400000 - 0x00007ffdf2409000 	C:\Windows\SYSTEM32\WSOCK32.dll
0x00007ffdfae60000 - 0x00007ffdfae82000 	C:\Windows\SYSTEM32\WINMM.dll
0x00007ffdff2c0000 - 0x00007ffdff2c7000 	C:\Windows\system32\PSAPI.DLL
0x00007ffdffef0000 - 0x00007ffdfff4a000 	C:\Windows\system32\WS2_32.dll
0x00007ffdfae20000 - 0x00007ffdfae4a000 	C:\Windows\SYSTEM32\WINMMBASE.dll
0x00007ffdffcc0000 - 0x00007ffdffcc9000 	C:\Windows\system32\NSI.dll
0x00007ffdfd3f0000 - 0x00007ffdfd43f000 	C:\Windows\SYSTEM32\cfgmgr32.dll
0x00007ffdfbfb0000 - 0x00007ffdfbfd8000 	C:\Windows\SYSTEM32\DEVOBJ.dll
0x00000000669c0000 - 0x00000000669cf000 	C:\Program Files\Java\jre8\bin\verify.dll
0x0000000066990000 - 0x00000000669b8000 	C:\Program Files\Java\jre8\bin\java.dll
0x0000000066970000 - 0x0000000066986000 	C:\Program Files\Java\jre8\bin\zip.dll
0x0000000065580000 - 0x0000000065616000 	C:\Users\Kordian\AppData\Local\Temp\libgdxKordian\a9c9dcdf\gdx64.dll
0x00007ffdfca90000 - 0x00007ffdfcab0000 	C:\Windows\SYSTEM32\CRYPTSP.dll
0x00007ffdfc6b0000 - 0x00007ffdfc6e6000 	C:\Windows\system32\rsaenh.dll
0x00007ffdfcce0000 - 0x00007ffdfcd06000 	C:\Windows\SYSTEM32\bcrypt.dll
0x00007ffdfd020000 - 0x00007ffdfd083000 	C:\Windows\system32\bcryptprimitives.dll
0x00007ffdfd090000 - 0x00007ffdfd09b000 	C:\Windows\SYSTEM32\CRYPTBASE.dll
0x0000000066950000 - 0x000000006696a000 	C:\Program Files\Java\jre8\bin\net.dll
0x00007ffdfca30000 - 0x00007ffdfca89000 	C:\Windows\system32\mswsock.dll
0x00007ffdf6ff0000 - 0x00007ffdf701a000 	C:\Windows\SYSTEM32\IPHLPAPI.DLL
0x00007ffdf70d0000 - 0x00007ffdf70da000 	C:\Windows\SYSTEM32\WINNSI.DLL
0x00007ffdf6a00000 - 0x00007ffdf6a16000 	C:\Windows\SYSTEM32\dhcpcsvc6.DLL
0x00007ffdf6a90000 - 0x00007ffdf6aaa000 	C:\Windows\SYSTEM32\dhcpcsvc.DLL
0x0000000066930000 - 0x0000000066941000 	C:\Program Files\Java\jre8\bin\nio.dll
0x0000000180000000 - 0x0000000180053000 	C:\Users\Kordian\AppData\Local\Temp\libgdxKordian\dc0f0009\lwjgl64.dll
0x00007ffde4240000 - 0x00007ffde436b000 	C:\Windows\SYSTEM32\OPENGL32.dll
0x00007ffdec330000 - 0x00007ffdec35e000 	C:\Windows\SYSTEM32\GLU32.dll
0x00007ffde0350000 - 0x00007ffde0448000 	C:\Windows\SYSTEM32\DDRAW.dll
0x00007ffdec320000 - 0x00007ffdec329000 	C:\Windows\SYSTEM32\DCIMAN32.dll
0x000000001d070000 - 0x000000001d0d4000 	C:\Users\Kordian\AppData\Local\Temp\libgdxKordian\dc0f0009\OpenAL64.dll
0x00007ffdfc000000 - 0x00007ffdfc00b000 	C:\Windows\SYSTEM32\kernel.appcore.dll
0x00007ffdfbe30000 - 0x00007ffdfbf59000 	C:\Windows\system32\uxtheme.dll
0x00007ffdfef10000 - 0x00007ffdfefc6000 	C:\Windows\SYSTEM32\clbcatq.dll
0x00007ffde33f0000 - 0x00007ffde348d000 	C:\Windows\SYSTEM32\dsound.dll
0x00007ffdfd160000 - 0x00007ffdfd1a6000 	C:\Windows\SYSTEM32\POWRPROF.dll
0x00007ffdfa740000 - 0x00007ffdfa7b0000 	C:\Windows\System32\MMDevApi.dll
0x00007ffdf00e0000 - 0x00007ffdf015e000 	C:\Windows\SYSTEM32\AUDIOSES.DLL
0x00007ffdff470000 - 0x00007ffdff531000 	C:\Windows\system32\OLEAUT32.dll
0x00007ffdfb510000 - 0x00007ffdfb531000 	C:\Windows\system32\dwmapi.dll
0x000000001df80000 - 0x000000001fcc1000 	C:\Windows\SYSTEM32\nvoglv64.DLL
0x00007ffdff870000 - 0x00007ffdffa4a000 	C:\Windows\system32\SETUPAPI.dll
0x00007ffdfbdd0000 - 0x00007ffdfbde2000 	C:\Windows\SYSTEM32\WTSAPI32.dll
0x00007ffdfd390000 - 0x00007ffdfd3e1000 	C:\Windows\system32\WINTRUST.dll
0x00007ffdfd560000 - 0x00007ffdfd73f000 	C:\Windows\system32\CRYPT32.dll
0x00007ffdfd2c0000 - 0x00007ffdfd2d1000 	C:\Windows\system32\MSASN1.dll
0x00007ffdfa3b0000 - 0x00007ffdfa3e2000 	C:\Windows\SYSTEM32\ntmarta.dll
0x00007ffdfc400000 - 0x00007ffdfc45a000 	C:\Windows\SYSTEM32\WINSTA.dll
0x00007ffdfae90000 - 0x00007ffdfaf22000 	C:\Windows\SYSTEM32\mscms.dll
0x00007ffdec2d0000 - 0x00007ffdec311000 	C:\Windows\SYSTEM32\icm32.dll
0x000000006a740000 - 0x000000006a7ed000 	C:\Users\Kordian\AppData\Local\Temp\libgdxKordian\39623fc\gdx-freetype64.dll
0x00007ffdf3130000 - 0x00007ffdf32b9000 	C:\Windows\SYSTEM32\dbghelp.dll

VM Arguments:
jvm_args: -Dfile.encoding=Cp1250 
java_command: com.kwing.game.desktop.DesktopLauncher
java_class_path (initial): C:\Users\Kordian\git\Kwing1\desktop\bin;C:\Users\Kordian\git\Kwing1\core\bin;C:\Users\Kordian\.gradle\caches\modules-2\files-2.1\com.badlogicgames.gdx\gdx\1.6.0\b7ac8e495b4e4828a30fa97654a17bdfb9f93734\gdx-1.6.0.jar;C:\Users\Kordian\.gradle\caches\modules-2\files-2.1\com.badlogicgames.gdx\gdx-freetype\1.6.0\2ea60958fc2ee0c519583fcd1fbda39175665d33\gdx-freetype-1.6.0.jar;C:\Users\Kordian\git\Kwing1\core\libs\gdx-sqlite.jar;C:\Users\Kordian\.gradle\caches\modules-2\files-2.1\com.badlogicgames.gdx\gdx-backend-lwjgl\1.6.0\442f452a2e78c2e67be9c91138c279044617dd48\gdx-backend-lwjgl-1.6.0.jar;C:\Users\Kordian\.gradle\caches\modules-2\files-2.1\com.badlogicgames.gdx\gdx-platform\1.6.0\276722e4fa28b31548cbca11c382af1c4e0cf690\gdx-platform-1.6.0-natives-desktop.jar;C:\Users\Kordian\.gradle\caches\modules-2\files-2.1\com.badlogicgames.gdx\gdx-freetype-platform\1.6.0\366a7efa22d863348696af542a1b02dd67a8165d\gdx-freetype-platform-1.6.0-natives-desktop.jar;C:\Users\Kordian\.gradle\caches\modules-2\files-2.1\org.lwjgl.lwjgl\lwjgl\2.9.2\a9d80fe5935c7a9149f6584d9777cfd471f65489\lwjgl-2.9.2.jar;C:\Users\Kordian\.gradle\caches\modules-2\files-2.1\org.lwjgl.lwjgl\lwjgl_util\2.9.2\4b9e37300a87799856e0bd15ed81663cdb6b0947\lwjgl_util-2.9.2.jar;C:\Users\Kordian\.gradle\caches\modules-2\files-2.1\com.badlogicgames.jlayer\jlayer\1.0.1-gdx\7cca83cec5c1b2f011362f4d85aabd71a73b049d\jlayer-1.0.1-gdx.jar;C:\Users\Kordian\.gradle\caches\modules-2\files-2.1\org.jcraft\jorbis\0.0.17\8872d22b293e8f5d7d56ff92be966e6dc28ebdc6\jorbis-0.0.17.jar;C:\Users\Kordian\.gradle\caches\modules-2\files-2.1\org.lwjgl.lwjgl\lwjgl-platform\2.9.2\510c7d317f5e9e700b9cfaac5fd38bdebf0702e0\lwjgl-platform-2.9.2-natives-windows.jar;C:\Users\Kordian\.gradle\caches\modules-2\files-2.1\org.lwjgl.lwjgl\lwjgl-platform\2.9.2\d276cdf61fe2b516c7b7f4aa1b8dea91dbdc8d56\lwjgl-platform-2.9.2-natives-linux.jar;C:\Users\Kordian\.gradle\caches\modules-2\files-2.1\org.lwjgl.lwjgl\lwjgl-platform\2.9.2\d55b46b40
Launcher Type: SUN_STANDARD

Environment Variables:
PATH=C:\Python34\;C:\Python34\Scripts;C:\Program Files\NVIDIA GPU Computing Toolkit\CUDA\v6.0\bin;C:\Program Files\NVIDIA GPU Computing Toolkit\CUDA\v6.0\libnvvp;C:\Program Files (x86)\Intel\iCLS Client\;C:\Program Files\Intel\iCLS Client\;C:\Windows\system32;C:\Windows;C:\Windows\System32\Wbem;C:\Windows\System32\WindowsPowerShell\v1.0\;C:\Program Files (x86)\Windows Kits\8.1\Windows Performance Toolkit\;C:\Program Files\Microsoft SQL Server\110\Tools\Binn\;C:\Program Files\Microsoft\Web Platform Installer\;C:\Program Files\Intel\WiFi\bin\;C:\Program Files\Common Files\Intel\WirelessCommon\;C:\Program Files\Intel\Intel(R) Management Engine Components\DAL;C:\Program Files (x86)\Intel\Intel(R) Management Engine Components\DAL;C:\Program Files\Intel\Intel(R) Management Engine Components\IPT;C:\Program Files (x86)\Intel\Intel(R) Management Engine Components\IPT;C:\Program Files (x86)\NVIDIA Corporation\PhysX\Common;C:\Program Files\Java\jdk1.8.0_05\bin;C:\adb;C:\Program Files (x86)\Skype\Phone\;C:\Program Files\Java\jdk1.8.0_05\bin;C:\Program Files\Intel\WiFi\bin\;C:\Program Files\Common Files\Intel\WirelessCommon\
USERNAME=Kordian
OS=Windows_NT
PROCESSOR_IDENTIFIER=Intel64 Family 6 Model 60 Stepping 3, GenuineIntel



---------------  S Y S T E M  ---------------

OS: Windows 8.1 , 64 bit Build 9600 

CPU:total 8 (4 cores per cpu, 2 threads per core) family 6 model 60 stepping 3, cmov, cx8, fxsr, mmx, sse, sse2, sse3, ssse3, sse4.1, sse4.2, popcnt, avx, avx2, aes, clmul, erms, ht, tsc, tscinvbit

Memory: 4k page, physical 12532076k(7507832k free), swap 24820076k(17614164k free)

vm_info: Java HotSpot(TM) 64-Bit Server VM (25.5-b02) for windows-amd64 JRE (1.8.0_05-b13), built on Mar 18 2014 01:08:39 by "java_re" with MS VC++ 10.0 (VS2010)

time: Sat Jul 25 15:23:21 2015
elapsed time: 1 seconds

